<?xml version="1.0" encoding="UTF-8"?>
<!-- Generated by org.testng.reporters.JUnitReportReporter -->
<testsuite skipped="0" hostname="LAPTOP-P1SU3K5M" name="Run.Forgot_psswd" tests="1" failures="0" timestamp="2020-02-23T11:13:53 EST" time="3.218" errors="0">
  <testcase name="f" time="3.218" classname="Run.Forgot_psswd"/>
</testsuite> <!-- Run.Forgot_psswd -->
